<?xml version="1.0" encoding="UTF-8"?>
<!-- Generated by org.testng.reporters.JUnitXMLReporter -->
<testsuite ignored="12" hostname="Reshma-PC" failures="0" tests="7" name="Test" time="0.387" errors="0" timestamp="2022-06-16T10:10:26 IST">
  <testcase classname="GenericUtilities.BaseClassUtilities" name="@BeforeClass launchTheBrowser" time="-1.655354426141E9">
    <failure type="org.testng.TestNGException" message="
Parameter &amp;apos;BROWSER&amp;apos; is required by BeforeClass on method launchTheBrowser but has not been marked @Optional or defined
in C:\Users\Reshma\eclipse-work2\VTigerVersion_01\testng_Batch_Execution.xml">
      <![CDATA[org.testng.TestNGException: 
Parameter 'BROWSER' is required by BeforeClass on method launchTheBrowser but has not been marked @Optional or defined
in C:\Users\Reshma\eclipse-work2\VTigerVersion_01\testng_Batch_Execution.xml
at java.base/java.util.ArrayList.forEach(ArrayList.java:1511)
... Removed 22 stack frames]]>
    </failure>
  </testcase> <!-- @BeforeClass launchTheBrowser -->
  <testcase classname="GenericUtilities.BaseClassUtilities" name="@BeforeMethod loginToAppln" time="-1.655354426193E9">
    <skipped/>
  </testcase> <!-- @BeforeMethod loginToAppln -->
  <testcase classname="GenericUtilities.BaseClassUtilities" name="@AfterMethod LogoutFromAppln" time="-1.655354426217E9">
    <skipped/>
  </testcase> <!-- @AfterMethod LogoutFromAppln -->
  <testcase classname="GenericUtilities.BaseClassUtilities" name="@AfterClass closeTheBrowser" time="-1.65535442623E9">
    <skipped/>
  </testcase> <!-- @AfterClass closeTheBrowser -->
  <testcase classname="GenericUtilities.BaseClassUtilities" name="@BeforeClass launchTheBrowser" time="-1.655354426238E9">
    <failure type="org.testng.TestNGException" message="
Parameter &amp;apos;BROWSER&amp;apos; is required by BeforeClass on method launchTheBrowser but has not been marked @Optional or defined
in C:\Users\Reshma\eclipse-work2\VTigerVersion_01\testng_Batch_Execution.xml">
      <![CDATA[org.testng.TestNGException: 
Parameter 'BROWSER' is required by BeforeClass on method launchTheBrowser but has not been marked @Optional or defined
in C:\Users\Reshma\eclipse-work2\VTigerVersion_01\testng_Batch_Execution.xml
at java.base/java.util.ArrayList.forEach(ArrayList.java:1511)
... Removed 22 stack frames]]>
    </failure>
  </testcase> <!-- @BeforeClass launchTheBrowser -->
  <testcase classname="GenericUtilities.BaseClassUtilities" name="@BeforeMethod loginToAppln" time="-1.655354426245E9">
    <skipped/>
  </testcase> <!-- @BeforeMethod loginToAppln -->
  <testcase classname="GenericUtilities.BaseClassUtilities" name="@AfterMethod LogoutFromAppln" time="-1.655354426265E9">
    <skipped/>
  </testcase> <!-- @AfterMethod LogoutFromAppln -->
  <testcase classname="GenericUtilities.BaseClassUtilities" name="@AfterClass closeTheBrowser" time="-1.655354426274E9">
    <skipped/>
  </testcase> <!-- @AfterClass closeTheBrowser -->
  <testcase classname="GenericUtilities.BaseClassUtilities" name="@BeforeClass launchTheBrowser" time="-1.655354426283E9">
    <failure type="org.testng.TestNGException" message="
Parameter &amp;apos;BROWSER&amp;apos; is required by BeforeClass on method launchTheBrowser but has not been marked @Optional or defined
in C:\Users\Reshma\eclipse-work2\VTigerVersion_01\testng_Batch_Execution.xml">
      <![CDATA[org.testng.TestNGException: 
Parameter 'BROWSER' is required by BeforeClass on method launchTheBrowser but has not been marked @Optional or defined
in C:\Users\Reshma\eclipse-work2\VTigerVersion_01\testng_Batch_Execution.xml
at java.base/java.util.ArrayList.forEach(ArrayList.java:1511)
... Removed 22 stack frames]]>
    </failure>
  </testcase> <!-- @BeforeClass launchTheBrowser -->
  <testcase classname="GenericUtilities.BaseClassUtilities" name="@BeforeMethod loginToAppln" time="-1.6553544263E9">
    <skipped/>
  </testcase> <!-- @BeforeMethod loginToAppln -->
  <testcase classname="GenericUtilities.BaseClassUtilities" name="@AfterMethod LogoutFromAppln" time="-1.655354426313E9">
    <skipped/>
  </testcase> <!-- @AfterMethod LogoutFromAppln -->
  <testcase classname="GenericUtilities.BaseClassUtilities" name="@AfterClass closeTheBrowser" time="-1.65535442632E9">
    <skipped/>
  </testcase> <!-- @AfterClass closeTheBrowser -->
  <testcase classname="GenericUtilities.BaseClassUtilities" name="@BeforeClass launchTheBrowser" time="-1.655354426325E9">
    <failure type="org.testng.TestNGException" message="
Parameter &amp;apos;BROWSER&amp;apos; is required by BeforeClass on method launchTheBrowser but has not been marked @Optional or defined
in C:\Users\Reshma\eclipse-work2\VTigerVersion_01\testng_Batch_Execution.xml">
      <![CDATA[org.testng.TestNGException: 
Parameter 'BROWSER' is required by BeforeClass on method launchTheBrowser but has not been marked @Optional or defined
in C:\Users\Reshma\eclipse-work2\VTigerVersion_01\testng_Batch_Execution.xml
at java.base/java.util.ArrayList.forEach(ArrayList.java:1511)
... Removed 22 stack frames]]>
    </failure>
  </testcase> <!-- @BeforeClass launchTheBrowser -->
  <testcase classname="GenericUtilities.BaseClassUtilities" name="@BeforeMethod loginToAppln" time="-1.655354426333E9">
    <skipped/>
  </testcase> <!-- @BeforeMethod loginToAppln -->
  <testcase classname="GenericUtilities.BaseClassUtilities" name="@AfterMethod LogoutFromAppln" time="-1.655354426353E9">
    <skipped/>
  </testcase> <!-- @AfterMethod LogoutFromAppln -->
  <testcase classname="GenericUtilities.BaseClassUtilities" name="@AfterClass closeTheBrowser" time="-1.655354426354E9">
    <skipped/>
  </testcase> <!-- @AfterClass closeTheBrowser -->
  <testcase classname="GenericUtilities.BaseClassUtilities" name="@BeforeClass launchTheBrowser" time="-1.655354426357E9">
    <failure type="org.testng.TestNGException" message="
Parameter &amp;apos;BROWSER&amp;apos; is required by BeforeClass on method launchTheBrowser but has not been marked @Optional or defined
in C:\Users\Reshma\eclipse-work2\VTigerVersion_01\testng_Batch_Execution.xml">
      <![CDATA[org.testng.TestNGException: 
Parameter 'BROWSER' is required by BeforeClass on method launchTheBrowser but has not been marked @Optional or defined
in C:\Users\Reshma\eclipse-work2\VTigerVersion_01\testng_Batch_Execution.xml
at java.base/java.util.ArrayList.forEach(ArrayList.java:1511)
... Removed 22 stack frames]]>
    </failure>
  </testcase> <!-- @BeforeClass launchTheBrowser -->
  <testcase classname="GenericUtilities.BaseClassUtilities" name="@BeforeMethod loginToAppln" time="-1.655354426366E9">
    <skipped/>
  </testcase> <!-- @BeforeMethod loginToAppln -->
  <testcase classname="GenericUtilities.BaseClassUtilities" name="@AfterMethod LogoutFromAppln" time="-1.655354426375E9">
    <skipped/>
  </testcase> <!-- @AfterMethod LogoutFromAppln -->
  <testcase classname="GenericUtilities.BaseClassUtilities" name="@AfterClass closeTheBrowser" time="-1.655354426378E9">
    <skipped/>
  </testcase> <!-- @AfterClass closeTheBrowser -->
  <testcase classname="GenericUtilities.BaseClassUtilities" name="@BeforeClass launchTheBrowser" time="-1.655354426381E9">
    <failure type="org.testng.TestNGException" message="
Parameter &amp;apos;BROWSER&amp;apos; is required by BeforeClass on method launchTheBrowser but has not been marked @Optional or defined
in C:\Users\Reshma\eclipse-work2\VTigerVersion_01\testng_Batch_Execution.xml">
      <![CDATA[org.testng.TestNGException: 
Parameter 'BROWSER' is required by BeforeClass on method launchTheBrowser but has not been marked @Optional or defined
in C:\Users\Reshma\eclipse-work2\VTigerVersion_01\testng_Batch_Execution.xml
at java.base/java.util.ArrayList.forEach(ArrayList.java:1511)
... Removed 22 stack frames]]>
    </failure>
  </testcase> <!-- @BeforeClass launchTheBrowser -->
  <testcase classname="GenericUtilities.BaseClassUtilities" name="@BeforeMethod loginToAppln" time="-1.655354426387E9">
    <skipped/>
  </testcase> <!-- @BeforeMethod loginToAppln -->
  <testcase classname="GenericUtilities.BaseClassUtilities" name="@AfterMethod LogoutFromAppln" time="-1.65535442641E9">
    <skipped/>
  </testcase> <!-- @AfterMethod LogoutFromAppln -->
  <testcase classname="GenericUtilities.BaseClassUtilities" name="@AfterClass closeTheBrowser" time="-1.655354426422E9">
    <skipped/>
  </testcase> <!-- @AfterClass closeTheBrowser -->
  <testcase classname="GenericUtilities.BaseClassUtilities" name="@BeforeClass launchTheBrowser" time="-1.655354426425E9">
    <failure type="org.testng.TestNGException" message="
Parameter &amp;apos;BROWSER&amp;apos; is required by BeforeClass on method launchTheBrowser but has not been marked @Optional or defined
in C:\Users\Reshma\eclipse-work2\VTigerVersion_01\testng_Batch_Execution.xml">
      <![CDATA[org.testng.TestNGException: 
Parameter 'BROWSER' is required by BeforeClass on method launchTheBrowser but has not been marked @Optional or defined
in C:\Users\Reshma\eclipse-work2\VTigerVersion_01\testng_Batch_Execution.xml
at java.base/java.util.ArrayList.forEach(ArrayList.java:1511)
... Removed 22 stack frames]]>
    </failure>
  </testcase> <!-- @BeforeClass launchTheBrowser -->
  <testcase classname="GenericUtilities.BaseClassUtilities" name="@BeforeMethod loginToAppln" time="-1.655354426432E9">
    <skipped/>
  </testcase> <!-- @BeforeMethod loginToAppln -->
  <testcase classname="GenericUtilities.BaseClassUtilities" name="@AfterMethod LogoutFromAppln" time="-1.655354426458E9">
    <skipped/>
  </testcase> <!-- @AfterMethod LogoutFromAppln -->
  <testcase classname="GenericUtilities.BaseClassUtilities" name="@AfterClass closeTheBrowser" time="-1.655354426463E9">
    <skipped/>
  </testcase> <!-- @AfterClass closeTheBrowser -->
  <testcase classname="com.crm.CreateProducts.CreateProductionTest" name="CreateProduct" time="0.0">
    <skipped/>
  </testcase> <!-- CreateProduct -->
  <testcase classname="com.crm.Campaign.CampaignAdvanceSaerchTest" name="CampaignAdvanceSearch" time="0.0">
    <skipped/>
  </testcase> <!-- CampaignAdvanceSearch -->
  <testcase classname="com.crm.CreateProducts.CreateproductionbyexcelTest" name="CreateProduct" time="0.0">
    <skipped/>
  </testcase> <!-- CreateProduct -->
  <testcase classname="com.crm.Campaign.CampaignAdvanceSearchTTC_20Test" name="CampaignAdvanceSearch" time="0.0">
    <skipped/>
  </testcase> <!-- CampaignAdvanceSearch -->
  <testcase classname="com.crm.Campaign.CreateCampaignTest" name="createCampaign" time="0.0">
    <skipped/>
  </testcase> <!-- createCampaign -->
  <testcase classname="com.crm.CreateOrganization.CreateOrganizationByExcel" name="CreateOrganization" time="0.0">
    <skipped/>
  </testcase> <!-- CreateOrganization -->
  <testcase classname="com.crm.CreateOrganization.ToCreateOrganizationTest" name="CreateOrganization" time="0.0">
    <skipped/>
  </testcase> <!-- CreateOrganization -->
  <testcase classname="GenericUtilities.BaseClassUtilities" name="@BeforeSuite dbconfig" time="0.0">
    <ignored/>
  </testcase> <!-- @BeforeSuite dbconfig -->
  <testcase classname="GenericUtilities.BaseClassUtilities" name="@BeforeSuite dbconfig" time="0.0">
    <ignored/>
  </testcase> <!-- @BeforeSuite dbconfig -->
  <testcase classname="GenericUtilities.BaseClassUtilities" name="@BeforeSuite dbconfig" time="0.0">
    <ignored/>
  </testcase> <!-- @BeforeSuite dbconfig -->
  <testcase classname="GenericUtilities.BaseClassUtilities" name="@BeforeSuite dbconfig" time="0.0">
    <ignored/>
  </testcase> <!-- @BeforeSuite dbconfig -->
  <testcase classname="GenericUtilities.BaseClassUtilities" name="@BeforeSuite dbconfig" time="0.0">
    <ignored/>
  </testcase> <!-- @BeforeSuite dbconfig -->
  <testcase classname="GenericUtilities.BaseClassUtilities" name="@BeforeSuite dbconfig" time="0.0">
    <ignored/>
  </testcase> <!-- @BeforeSuite dbconfig -->
  <testcase classname="GenericUtilities.BaseClassUtilities" name="@AfterSuite closeDBConfig" time="0.0">
    <ignored/>
  </testcase> <!-- @AfterSuite closeDBConfig -->
  <testcase classname="GenericUtilities.BaseClassUtilities" name="@AfterSuite closeDBConfig" time="0.0">
    <ignored/>
  </testcase> <!-- @AfterSuite closeDBConfig -->
  <testcase classname="GenericUtilities.BaseClassUtilities" name="@AfterSuite closeDBConfig" time="0.0">
    <ignored/>
  </testcase> <!-- @AfterSuite closeDBConfig -->
  <testcase classname="GenericUtilities.BaseClassUtilities" name="@AfterSuite closeDBConfig" time="0.0">
    <ignored/>
  </testcase> <!-- @AfterSuite closeDBConfig -->
  <testcase classname="GenericUtilities.BaseClassUtilities" name="@AfterSuite closeDBConfig" time="0.0">
    <ignored/>
  </testcase> <!-- @AfterSuite closeDBConfig -->
  <testcase classname="GenericUtilities.BaseClassUtilities" name="@AfterSuite closeDBConfig" time="0.0">
    <ignored/>
  </testcase> <!-- @AfterSuite closeDBConfig -->
</testsuite> <!-- Test -->
